<?xml version="1.0" encoding="UTF-8"?>
<!-- Generated by org.testng.reporters.JUnitReportReporter -->
<testsuite hostname="Mypc" name="Grid.grideg2" tests="2" failures="0" timestamp="21 Jun 2016 01:31:14 GMT" time="85.460" errors="0">
  <testcase name="grid" time="36.052" classname="Grid.grideg2"/>
  <testcase name="grid" time="49.408" classname="Grid.grideg2"/>
</testsuite> <!-- Grid.grideg2 -->
