<?xml version="1.0" encoding="UTF-8"?>
<!-- Generated by org.testng.reporters.JUnitReportReporter -->
<testsuite hostname="Mypc" name="testNG.basicannotations" tests="4" failures="0" timestamp="10 Jun 2016 01:24:07 GMT" time="0.071" errors="0">
  <testcase name="function2" time="0.012" classname="testNG.basicannotations"/>
  <testcase name="a" time="0.008" classname="testNG.basicannotations"/>
  <testcase name="function3" time="0.014" classname="testNG.basicannotations"/>
  <testcase name="function1" time="0.037" classname="testNG.basicannotations"/>
</testsuite> <!-- testNG.basicannotations -->
