<?xml version="1.0" encoding="UTF-8"?>
<!-- Generated by org.testng.reporters.JUnitReportReporter -->
<testsuite hostname="Mypc" name="datadriven.note" tests="1" failures="0" timestamp="13 Jun 2016 01:23:18 GMT" time="0.055" errors="0">
  <testcase name="notepad" time="0.055" classname="datadriven.note"/>
</testsuite> <!-- datadriven.note -->
