<?xml version="1.0" encoding="UTF-8"?>
<!-- Generated by org.testng.reporters.JUnitReportReporter -->
<testsuite hostname="Mypc" name="datadriven.datadrivenxl" tests="1" failures="0" timestamp="18 Jun 2016 04:30:22 GMT" time="125.194" errors="0">
  <testcase name="xlops" time="125.194" classname="datadriven.datadrivenxl"/>
</testsuite> <!-- datadriven.datadrivenxl -->
