<?xml version="1.0" encoding="UTF-8"?>
<!-- Generated by org.testng.reporters.JUnitReportReporter -->
<testsuite hostname="Mypc" name="datadriven.empregtest" tests="1" failures="0" timestamp="14 Jun 2016 01:23:08 GMT" time="89.233" errors="0">
  <testcase name="empreg" time="89.233" classname="datadriven.empregtest"/>
</testsuite> <!-- datadriven.empregtest -->
