<?xml version="1.0" encoding="UTF-8"?>
<!-- Generated by org.testng.reporters.JUnitReportReporter -->
<testsuite hostname="Mypc" name="Grid.dataprovider" tests="2" failures="0" timestamp="21 Jun 2016 01:51:02 GMT" time="67.246" errors="0">
  <testcase name="grid" time="29.268" classname="Grid.dataprovider"/>
  <testcase name="grid" time="37.978" classname="Grid.dataprovider"/>
</testsuite> <!-- Grid.dataprovider -->
