<?xml version="1.0" encoding="UTF-8"?>
<!-- Generated by org.testng.reporters.JUnitReportReporter -->
<testsuite hostname="Mypc" name="POM.logintest" tests="1" failures="0" timestamp="20 Jun 2016 01:17:56 GMT" time="24.209" errors="0">
  <testcase name="lt" time="24.209" classname="POM.logintest"/>
</testsuite> <!-- POM.logintest -->
