<?xml version="1.0" encoding="UTF-8"?>
<!-- Generated by org.testng.reporters.JUnitReportReporter -->
<testsuite hostname="Mypc" name="testNG.userregtest" tests="1" failures="0" timestamp="11 Jun 2016 01:20:06 GMT" time="16.670" errors="0">
  <testcase name="userreg" time="16.670" classname="testNG.userregtest"/>
</testsuite> <!-- testNG.userregtest -->
