<?xml version="1.0" encoding="UTF-8"?>
<!-- Generated by org.testng.reporters.JUnitReportReporter -->
<testsuite hostname="Mypc" name="Grid.grideg" tests="1" failures="0" timestamp="21 Jun 2016 01:09:14 GMT" time="20.512" errors="0">
  <testcase name="grid" time="20.512" classname="Grid.grideg"/>
</testsuite> <!-- Grid.grideg -->
