<?xml version="1.0" encoding="UTF-8"?>
<!-- Generated by org.testng.reporters.JUnitReportReporter -->
<testsuite hostname="Mypc" name="testNG.empregtest" tests="1" failures="0" timestamp="11 Jun 2016 01:20:06 GMT" time="12.897" errors="0">
  <testcase name="org_Empreg" time="12.897" classname="testNG.empregtest"/>
</testsuite> <!-- testNG.empregtest -->
